Log file open, 03/05/20 17:23:45
LogWindows: Failed to load 'aqProf.dll' (GetLastError=126)
LogWindows: File 'aqProf.dll' does not exist
LogWindows: Failed to load 'VtuneApi.dll' (GetLastError=126)
LogWindows: File 'VtuneApi.dll' does not exist
LogWindows: Failed to load 'VtuneApi32e.dll' (GetLastError=126)
LogWindows: File 'VtuneApi32e.dll' does not exist
LogConsoleResponse: Display: Failed to find resolution value strings in scalability ini. Falling back to default.
LogInit: Display: Running engine for game: MyProject4
LogPlatformFile: Not using cached read wrapper
LogTaskGraph: Started task graph with 5 named threads and 11 total threads with 3 sets of task threads.
LogStats: Stats thread started at 0.338964
LogD3D11RHI: Loaded GFSDK_Aftermath_Lib.x64.dll
LogICUInternationalization: ICU TimeZone Detection - Raw Offset: +3:00, Platform Override: ''
LogPluginManager: Mounting plugin Paper2D
LogPluginManager: Mounting plugin AISupport
LogPluginManager: Mounting plugin LightPropagationVolume
LogPluginManager: Mounting plugin ActorLayerUtilities
LogPluginManager: Mounting plugin AnimationSharing
LogPluginManager: Mounting plugin CLionSourceCodeAccess
LogPluginManager: Mounting plugin CodeLiteSourceCodeAccess
LogPluginManager: Mounting plugin GitSourceControl
LogPluginManager: Mounting plugin KDevelopSourceCodeAccess
LogPluginManager: Mounting plugin NullSourceCodeAccess
LogPluginManager: Mounting plugin PerforceSourceControl
LogPluginManager: Mounting plugin PlasticSourceControl
LogPluginManager: Mounting plugin SubversionSourceControl
LogPluginManager: Mounting plugin UObjectPlugin
LogPluginManager: Mounting plugin VisualStudioCodeSourceCodeAccess
LogPluginManager: Mounting plugin VisualStudioSourceCodeAccess
LogPluginManager: Mounting plugin XCodeSourceCodeAccess
LogPluginManager: Mounting plugin AssetManagerEditor
LogPluginManager: Mounting plugin CryptoKeys
LogPluginManager: Mounting plugin CurveEditorTools
LogPluginManager: Mounting plugin DataValidation
LogPluginManager: Mounting plugin FacialAnimation
LogPluginManager: Mounting plugin GameplayTagsEditor
LogPluginManager: Mounting plugin MacGraphicsSwitching
LogPluginManager: Mounting plugin MaterialAnalyzer
LogPluginManager: Mounting plugin MobileLauncherProfileWizard
LogPluginManager: Mounting plugin PluginBrowser
LogPluginManager: Mounting plugin SpeedTreeImporter
LogPluginManager: Mounting plugin DatasmithContent
LogPluginManager: Mounting plugin VariantManagerContent
LogPluginManager: Mounting plugin AlembicImporter
LogPluginManager: Mounting plugin AutomationUtils
LogPluginManager: Mounting plugin BackChannel
LogPluginManager: Mounting plugin CharacterAI
LogPluginManager: Mounting plugin GeometryCache
LogPluginManager: Mounting plugin PlatformCrypto
LogPluginManager: Mounting plugin ProxyLODPlugin
LogPluginManager: Mounting plugin SkeletalReduction
LogPluginManager: Mounting plugin MagicLeap
LogPluginManager: Mounting plugin MagicLeapMedia
LogPluginManager: Mounting plugin MLSDK
LogPluginManager: Mounting plugin AndroidMedia
LogPluginManager: Mounting plugin AvfMedia
LogPluginManager: Mounting plugin ImgMedia
LogPluginManager: Mounting plugin MediaCompositing
LogPluginManager: Mounting plugin MediaPlayerEditor
LogPluginManager: Mounting plugin WebMMedia
LogPluginManager: Mounting plugin WmfMedia
LogPluginManager: Mounting plugin TcpMessaging
LogPluginManager: Mounting plugin UdpMessaging
LogPluginManager: Mounting plugin ActorSequence
LogPluginManager: Mounting plugin LevelSequenceEditor
LogPluginManager: Mounting plugin MatineeToLevelSequence
LogPluginManager: Mounting plugin NetcodeUnitTest
LogPluginManager: Mounting plugin NUTUnrealEngine4
LogPluginManager: Mounting plugin OnlineSubsystemGooglePlay
LogPluginManager: Mounting plugin OnlineSubsystemIOS
LogPluginManager: Mounting plugin OnlineSubsystem
LogPluginManager: Mounting plugin OnlineSubsystemNull
LogPluginManager: Mounting plugin OnlineSubsystemUtils
LogPluginManager: Mounting plugin LauncherChunkInstaller
LogPluginManager: Mounting plugin AndroidDeviceProfileSelector
LogPluginManager: Mounting plugin AndroidMoviePlayer
LogPluginManager: Mounting plugin AndroidPermission
LogPluginManager: Mounting plugin AppleImageUtils
LogPluginManager: Mounting plugin AppleMoviePlayer
LogPluginManager: Mounting plugin ArchVisCharacter
LogPluginManager: Mounting plugin AssetTags
LogPluginManager: Mounting plugin AudioCapture
LogPluginManager: Mounting plugin CableComponent
LogPluginManager: Mounting plugin CustomMeshComponent
LogPluginManager: Mounting plugin EditableMesh
LogPluginManager: Mounting plugin ExampleDeviceProfileSelector
LogPluginManager: Mounting plugin GoogleCloudMessaging
LogPluginManager: Mounting plugin IOSDeviceProfileSelector
LogPluginManager: Mounting plugin LinuxDeviceProfileSelector
LogPluginManager: Mounting plugin LocationServicesBPLibrary
LogPluginManager: Mounting plugin MobilePatchingUtils
LogPluginManager: Mounting plugin OculusVR
LogPluginManager: Mounting plugin PhysXVehicles
LogPluginManager: Mounting plugin PostSplashScreen
LogPluginManager: Mounting plugin ProceduralMeshComponent
LogPluginManager: Mounting plugin RuntimePhysXCooking
LogPluginManager: Mounting plugin SignificanceManager
LogPluginManager: Mounting plugin SteamVR
LogPluginManager: Mounting plugin WebMMoviePlayer
LogPluginManager: Mounting plugin WindowsMoviePlayer
LogPluginManager: Mounting plugin ScreenshotTools
LogInit: Using libcurl 7.55.1-DEV
LogInit:  - built for x86_64-pc-win32
LogInit:  - supports SSL with OpenSSL/1.1.1
LogInit:  - supports HTTP deflate (compression) using libz 1.2.8
LogInit:  - other features:
LogInit:      CURL_VERSION_SSL
LogInit:      CURL_VERSION_LIBZ
LogInit:      CURL_VERSION_IPV6
LogInit:      CURL_VERSION_ASYNCHDNS
LogInit:      CURL_VERSION_LARGEFILE
LogInit:      CURL_VERSION_IDN
LogInit:  CurlRequestOptions (configurable via config and command line):
LogInit:  - bVerifyPeer = true  - Libcurl will verify peer certificate
LogInit:  - bUseHttpProxy = false  - Libcurl will NOT use HTTP proxy
LogInit:  - bDontReuseConnections = false  - Libcurl will reuse connections
LogInit:  - MaxHostConnections = 16  - Libcurl will limit the number of connections to a host
LogInit:  - LocalHostAddr = Default
LogInit:  - BufferSize = 65536
LogOnline: OSS: Creating online subsystem instance for: NULL
LogInit: WinSock: version 1.1 (2.2), MaxSocks=32767, MaxUdp=65467
LogOnline: OSS: TryLoadSubsystemAndSetDefault: Loaded subsystem for module [NULL]
LogInit: Build: ++UE4+Release-4.24-CL-11590370
LogInit: Engine Version: 4.24.3-11590370+++UE4+Release-4.24
LogInit: Compatible Engine Version: 4.24.0-10570792+++UE4+Release-4.24
LogInit: Net CL: 10570792
LogInit: OS: Windows 10 (Release 1607) (), CPU: Intel(R) Core(TM) i5-4210U CPU @ 1.70GHz, GPU: Intel(R) HD Graphics Family
LogInit: Compiled (64-bit): Feb 24 2020 15:39:18
LogInit: Compiled with Visual C++: 19.16.27032.01
LogInit: Build Configuration: Development
LogInit: Branch Name: ++UE4+Release-4.24
LogInit: Command Line:  -EpicPortal -epicusername=tghagha -epicuserid=c60e30d8bbc6430e83c2ef715a9db957 -epiclocale=ru
LogInit: Base Directory: D:/epic/UE_4.24/Engine/Binaries/Win64/
LogInit: Installed Engine Build: 1
LogDevObjectVersion: Number of dev versions registered: 25
LogDevObjectVersion:   Dev-Blueprints (B0D832E4-1F89-4F0D-ACCF-7EB736FD4AA2): 10
LogDevObjectVersion:   Dev-Build (E1C64328-A22C-4D53-A36C-8E866417BD8C): 0
LogDevObjectVersion:   Dev-Core (375EC13C-06E4-48FB-B500-84F0262A717E): 3
LogDevObjectVersion:   Dev-Editor (E4B068ED-F494-42E9-A231-DA0B2E46BB41): 37
LogDevObjectVersion:   Dev-Framework (CFFC743F-43B0-4480-9391-14DF171D2073): 36
LogDevObjectVersion:   Dev-Mobile (B02B49B5-BB20-44E9-A304-32B752E40360): 2
LogDevObjectVersion:   Dev-Networking (A4E4105C-59A1-49B5-A7C5-40C4547EDFEE): 0
LogDevObjectVersion:   Dev-Online (39C831C9-5AE6-47DC-9A44-9C173E1C8E7C): 0
LogDevObjectVersion:   Dev-Physics (78F01B33-EBEA-4F98-B9B4-84EACCB95AA2): 2
LogDevObjectVersion:   Dev-Platform (6631380F-2D4D-43E0-8009-CF276956A95A): 0
LogDevObjectVersion:   Dev-Rendering (12F88B9F-8875-4AFC-A67C-D90C383ABD29): 36
LogDevObjectVersion:   Dev-Sequencer (7B5AE74C-D270-4C10-A958-57980B212A5A): 11
LogDevObjectVersion:   Dev-VR (D7296918-1DD6-4BDD-9DE2-64A83CC13884): 2
LogDevObjectVersion:   Dev-LoadTimes (C2A15278-BFE7-4AFE-6C17-90FF531DF755): 1
LogDevObjectVersion:   Private-Geometry (6EACA3D4-40EC-4CC1-B786-8BED09428FC5): 3
LogDevObjectVersion:   Dev-AnimPhys (29E575DD-E0A3-4627-9D10-D276232CDCEA): 17
LogDevObjectVersion:   Dev-Anim (AF43A65D-7FD3-4947-9873-3E8ED9C1BB05): 2
LogDevObjectVersion:   Dev-ReflectionCapture (6B266CEC-1EC7-4B8F-A30B-E4D90942FC07): 1
LogDevObjectVersion:   Dev-Automation (0DF73D61-A23F-47EA-B727-89E90C41499A): 1
LogDevObjectVersion:   FortniteMain (601D1886-AC64-4F84-AA16-D3DE0DEAC7D6): 31
LogDevObjectVersion:   Dev-Enterprise (9DFFBCD6-494F-0158-E221-12823C92A888): 8
LogDevObjectVersion:   Dev-Niagara (F2AED0AC-9AFE-416F-8664-AA7FFA26D6FC): 1
LogDevObjectVersion:   Dev-Destruction (174F1F0B-B4C6-45A5-B13F-2EE8D0FB917D): 9
LogDevObjectVersion:   Dev-Physics-Ext (35F94A83-E258-406C-A318-09F59610247C): 8
LogDevObjectVersion:   Dev-CineCamera (B2E18506-4273-CFC2-A54E-F4BB758BBA07): 1
LogInit: Presizing for max 25165824 objects, including 0 objects not considered by GC, pre-allocating 0 bytes for permanent pool.
LogInit: Object subsystem initialized
LogConfig: Setting CVar [[con.DebugEarlyDefault:1]]
LogConfig: Setting CVar [[r.setres:1280x720]]
[2020.03.05-14.23.45:484][  0]LogConfig: Setting CVar [[r.VSync:0]]
[2020.03.05-14.23.45:484][  0]LogConfig: Setting CVar [[r.RHICmdBypass:0]]
[2020.03.05-14.23.45:484][  0]LogConfig: Applying CVar settings from Section [/Script/Engine.RendererSettings] File [D:/Readmy/MyProject4/Saved/Config/Windows/Engine.ini]
[2020.03.05-14.23.45:484][  0]LogConfig: Setting CVar [[r.GPUCrashDebugging:0]]
[2020.03.05-14.23.45:484][  0]LogConfig: Applying CVar settings from Section [/Script/Engine.RendererOverrideSettings] File [D:/Readmy/MyProject4/Saved/Config/Windows/Engine.ini]
[2020.03.05-14.23.45:485][  0]LogConfig: Applying CVar settings from Section [/Script/Engine.StreamingSettings] File [D:/Readmy/MyProject4/Saved/Config/Windows/Engine.ini]
[2020.03.05-14.23.45:485][  0]LogConfig: Setting CVar [[s.MinBulkDataSizeForAsyncLoading:131072]]
[2020.03.05-14.23.45:485][  0]LogConfig: Setting CVar [[s.AsyncLoadingThreadEnabled:0]]
[2020.03.05-14.23.45:485][  0]LogConfig: Setting CVar [[s.EventDrivenLoaderEnabled:1]]
[2020.03.05-14.23.45:485][  0]LogConfig: Setting CVar [[s.WarnIfTimeLimitExceeded:0]]
[2020.03.05-14.23.45:485][  0]LogConfig: Setting CVar [[s.TimeLimitExceededMultiplier:1.5]]
[2020.03.05-14.23.45:485][  0]LogConfig: Setting CVar [[s.TimeLimitExceededMinTime:0.005]]
[2020.03.05-14.23.45:485][  0]LogConfig: Setting CVar [[s.UseBackgroundLevelStreaming:1]]
[2020.03.05-14.23.45:485][  0]LogConfig: Setting CVar [[s.PriorityAsyncLoadingExtraTime:15.0]]
[2020.03.05-14.23.45:485][  0]LogConfig: Setting CVar [[s.LevelStreamingActorsUpdateTimeLimit:5.0]]
[2020.03.05-14.23.45:485][  0]LogConfig: Setting CVar [[s.PriorityLevelStreamingActorsUpdateExtraTime:5.0]]
[2020.03.05-14.23.45:485][  0]LogConfig: Setting CVar [[s.LevelStreamingComponentsRegistrationGranularity:10]]
[2020.03.05-14.23.45:485][  0]LogConfig: Setting CVar [[s.UnregisterComponentsTimeLimit:1.0]]
[2020.03.05-14.23.45:485][  0]LogConfig: Setting CVar [[s.LevelStreamingComponentsUnregistrationGranularity:5]]
[2020.03.05-14.23.45:485][  0]LogConfig: Setting CVar [[s.FlushStreamingOnExit:1]]
[2020.03.05-14.23.45:485][  0]LogConfig: Applying CVar settings from Section [/Script/Engine.GarbageCollectionSettings] File [D:/Readmy/MyProject4/Saved/Config/Windows/Engine.ini]
[2020.03.05-14.23.45:485][  0]LogConfig: Setting CVar [[gc.MaxObjectsNotConsideredByGC:1]]
[2020.03.05-14.23.45:485][  0]LogConfig: Setting CVar [[gc.SizeOfPermanentObjectPool:0]]
[2020.03.05-14.23.45:485][  0]LogConfig: Setting CVar [[gc.FlushStreamingOnGC:0]]
[2020.03.05-14.23.45:485][  0]LogConfig: Setting CVar [[gc.NumRetriesBeforeForcingGC:10]]
[2020.03.05-14.23.45:485][  0]LogConfig: Setting CVar [[gc.AllowParallelGC:1]]
[2020.03.05-14.23.45:485][  0]LogConfig: Setting CVar [[gc.TimeBetweenPurgingPendingKillObjects:61.1]]
[2020.03.05-14.23.45:485][  0]LogConfig: Setting CVar [[gc.MaxObjectsInEditor:25165824]]
[2020.03.05-14.23.45:485][  0]LogConfig: Setting CVar [[gc.IncrementalBeginDestroyEnabled:1]]
[2020.03.05-14.23.45:485][  0]LogConfig: Setting CVar [[gc.CreateGCClusters:1]]
[2020.03.05-14.23.45:485][  0]LogConfig: Setting CVar [[gc.MinGCClusterSize:5]]
[2020.03.05-14.23.45:485][  0]LogConfig: Setting CVar [[gc.ActorClusteringEnabled:0]]
[2020.03.05-14.23.45:485][  0]LogConfig: Setting CVar [[gc.BlueprintClusteringEnabled:0]]
[2020.03.05-14.23.45:485][  0]LogConfig: Setting CVar [[gc.UseDisregardForGCOnDedicatedServers:0]]
[2020.03.05-14.23.45:485][  0]LogConfig: Applying CVar settings from Section [/Script/Engine.NetworkSettings] File [D:/Readmy/MyProject4/Saved/Config/Windows/Engine.ini]
[2020.03.05-14.23.45:485][  0]LogConfig: Applying CVar settings from Section [/Script/UnrealEd.CookerSettings] File [D:/Readmy/MyProject4/Saved/Config/Windows/Engine.ini]
[2020.03.05-14.23.45:492][  0]LogConfig: Applying CVar settings from Section [ViewDistanceQuality@3] File [D:/Readmy/MyProject4/Saved/Config/Windows/Scalability.ini]
[2020.03.05-14.23.45:492][  0]LogConfig: Setting CVar [[r.SkeletalMeshLODBias:0]]
[2020.03.05-14.23.45:492][  0]LogConfig: Setting CVar [[r.ViewDistanceScale:1.0]]
[2020.03.05-14.23.45:492][  0]LogConfig: Applying CVar settings from Section [AntiAliasingQuality@3] File [D:/Readmy/MyProject4/Saved/Config/Windows/Scalability.ini]
[2020.03.05-14.23.45:492][  0]LogConfig: Setting CVar [[r.PostProcessAAQuality:4]]
[2020.03.05-14.23.45:492][  0]LogConfig: Applying CVar settings from Section [ShadowQuality@3] File [D:/Readmy/MyProject4/Saved/Config/Windows/Scalability.ini]
[2020.03.05-14.23.45:492][  0]LogConfig: Setting CVar [[r.LightFunctionQuality:1]]
[2020.03.05-14.23.45:492][  0]LogConfig: Setting CVar [[r.ShadowQuality:5]]
[2020.03.05-14.23.45:492][  0]LogConfig: Setting CVar [[r.Shadow.CSM.MaxCascades:10]]
[2020.03.05-14.23.45:492][  0]LogConfig: Setting CVar [[r.Shadow.MaxResolution:2048]]
[2020.03.05-14.23.45:492][  0]LogConfig: Setting CVar [[r.Shadow.MaxCSMResolution:2048]]
[2020.03.05-14.23.45:492][  0]LogConfig: Setting CVar [[r.Shadow.RadiusThreshold:0.01]]
[2020.03.05-14.23.45:492][  0]LogConfig: Setting CVar [[r.Shadow.DistanceScale:1.0]]
[2020.03.05-14.23.45:492][  0]LogConfig: Setting CVar [[r.Shadow.CSM.TransitionScale:1.0]]
[2020.03.05-14.23.45:492][  0]LogConfig: Setting CVar [[r.Shadow.PreShadowResolutionFactor:1.0]]
[2020.03.05-14.23.45:492][  0]LogConfig: Setting CVar [[r.DistanceFieldShadowing:1]]
[2020.03.05-14.23.45:492][  0]LogConfig: Setting CVar [[r.DistanceFieldAO:1]]
[2020.03.05-14.23.45:492][  0]LogConfig: Setting CVar [[r.AOQuality:2]]
[2020.03.05-14.23.45:492][  0]LogConfig: Setting CVar [[r.VolumetricFog:1]]
[2020.03.05-14.23.45:492][  0]LogConfig: Setting CVar [[r.VolumetricFog.GridPixelSize:8]]
[2020.03.05-14.23.45:493][  0]LogConfig: Setting CVar [[r.VolumetricFog.GridSizeZ:128]]
[2020.03.05-14.23.45:493][  0]LogConfig: Setting CVar [[r.VolumetricFog.HistoryMissSupersampleCount:4]]
[2020.03.05-14.23.45:493][  0]LogConfig: Setting CVar [[r.LightMaxDrawDistanceScale:1]]
[2020.03.05-14.23.45:493][  0]LogConfig: Setting CVar [[r.CapsuleShadows:1]]
[2020.03.05-14.23.45:493][  0]LogConfig: Applying CVar settings from Section [PostProcessQuality@3] File [D:/Readmy/MyProject4/Saved/Config/Windows/Scalability.ini]
[2020.03.05-14.23.45:493][  0]LogConfig: Setting CVar [[r.MotionBlurQuality:4]]
[2020.03.05-14.23.45:493][  0]LogConfig: Setting CVar [[r.AmbientOcclusionMipLevelFactor:0.4]]
[2020.03.05-14.23.45:493][  0]LogConfig: Setting CVar [[r.AmbientOcclusionMaxQuality:100]]
[2020.03.05-14.23.45:493][  0]LogConfig: Setting CVar [[r.AmbientOcclusionLevels:-1]]
[2020.03.05-14.23.45:493][  0]LogConfig: Setting CVar [[r.AmbientOcclusionRadiusScale:1.0]]
[2020.03.05-14.23.45:493][  0]LogConfig: Setting CVar [[r.DepthOfFieldQuality:2]]
[2020.03.05-14.23.45:493][  0]LogConfig: Setting CVar [[r.RenderTargetPoolMin:400]]
[2020.03.05-14.23.45:493][  0]LogConfig: Setting CVar [[r.LensFlareQuality:2]]
[2020.03.05-14.23.45:493][  0]LogConfig: Setting CVar [[r.SceneColorFringeQuality:1]]
[2020.03.05-14.23.45:493][  0]LogConfig: Setting CVar [[r.EyeAdaptationQuality:2]]
[2020.03.05-14.23.45:493][  0]LogConfig: Setting CVar [[r.BloomQuality:5]]
[2020.03.05-14.23.45:493][  0]LogConfig: Setting CVar [[r.FastBlurThreshold:100]]
[2020.03.05-14.23.45:493][  0]LogConfig: Setting CVar [[r.Upscale.Quality:3]]
[2020.03.05-14.23.45:493][  0]LogConfig: Setting CVar [[r.Tonemapper.GrainQuantization:1]]
[2020.03.05-14.23.45:493][  0]LogConfig: Setting CVar [[r.LightShaftQuality:1]]
[2020.03.05-14.23.45:493][  0]LogConfig: Setting CVar [[r.Filter.SizeScale:1]]
[2020.03.05-14.23.45:493][  0]LogConfig: Setting CVar [[r.Tonemapper.Quality:5]]
[2020.03.05-14.23.45:493][  0]LogConfig: Setting CVar [[r.DOF.Gather.AccumulatorQuality:1        ; higher gathering accumulator quality]]
[2020.03.05-14.23.45:493][  0]LogConfig: Setting CVar [[r.DOF.Gather.PostfilterMethod:1          ; Median3x3 postfilering method]]
[2020.03.05-14.23.45:493][  0]LogConfig: Setting CVar [[r.DOF.Gather.EnableBokehSettings:0       ; no bokeh simulation when gathering]]
[2020.03.05-14.23.45:493][  0]LogConfig: Setting CVar [[r.DOF.Gather.RingCount:4                 ; medium number of samples when gathering]]
[2020.03.05-14.23.45:493][  0]LogConfig: Setting CVar [[r.DOF.Scatter.ForegroundCompositing:1    ; additive foreground scattering]]
[2020.03.05-14.23.45:493][  0]LogConfig: Setting CVar [[r.DOF.Scatter.BackgroundCompositing:2    ; additive background scattering]]
[2020.03.05-14.23.45:493][  0]LogConfig: Setting CVar [[r.DOF.Scatter.EnableBokehSettings:1      ; bokeh simulation when scattering]]
[2020.03.05-14.23.45:493][  0]LogConfig: Setting CVar [[r.DOF.Scatter.MaxSpriteRatio:0.1         ; only a maximum of 10% of scattered bokeh]]
[2020.03.05-14.23.45:493][  0]LogConfig: Setting CVar [[r.DOF.Recombine.Quality:1                ; cheap slight out of focus]]
[2020.03.05-14.23.45:493][  0]LogConfig: Setting CVar [[r.DOF.Recombine.EnableBokehSettings:0    ; no bokeh simulation on slight out of focus]]
[2020.03.05-14.23.45:493][  0]LogConfig: Setting CVar [[r.DOF.TemporalAAQuality:1                ; more stable temporal accumulation]]
[2020.03.05-14.23.45:494][  0]LogConfig: Setting CVar [[r.DOF.Kernel.MaxForegroundRadius:0.025]]
[2020.03.05-14.23.45:494][  0]LogConfig: Setting CVar [[r.DOF.Kernel.MaxBackgroundRadius:0.025]]
[2020.03.05-14.23.45:494][  0]LogConfig: Applying CVar settings from Section [TextureQuality@3] File [D:/Readmy/MyProject4/Saved/Config/Windows/Scalability.ini]
[2020.03.05-14.23.45:494][  0]LogConfig: Setting CVar [[r.Streaming.MipBias:0]]
[2020.03.05-14.23.45:494][  0]LogConfig: Setting CVar [[r.Streaming.AmortizeCPUToGPUCopy:0]]
[2020.03.05-14.23.45:494][  0]LogConfig: Setting CVar [[r.Streaming.MaxNumTexturesToStreamPerFrame:0]]
[2020.03.05-14.23.45:494][  0]LogConfig: Setting CVar [[r.Streaming.Boost:1]]
[2020.03.05-14.23.45:494][  0]LogConfig: Setting CVar [[r.MaxAnisotropy:8]]
[2020.03.05-14.23.45:494][  0]LogConfig: Setting CVar [[r.VT.MaxAnisotropy:8]]
[2020.03.05-14.23.45:494][  0]LogConfig: Setting CVar [[r.Streaming.LimitPoolSizeToVRAM:0]]
[2020.03.05-14.23.45:494][  0]LogConfig: Setting CVar [[r.Streaming.PoolSize:1000]]
[2020.03.05-14.23.45:494][  0]LogConfig: Setting CVar [[r.Streaming.MaxEffectiveScreenSize:0]]
[2020.03.05-14.23.45:494][  0]LogConfig: Applying CVar settings from Section [EffectsQuality@3] File [D:/Readmy/MyProject4/Saved/Config/Windows/Scalability.ini]
[2020.03.05-14.23.45:494][  0]LogConfig: Setting CVar [[r.TranslucencyLightingVolumeDim:64]]
[2020.03.05-14.23.45:494][  0]LogConfig: Setting CVar [[r.RefractionQuality:2]]
[2020.03.05-14.23.45:494][  0]LogConfig: Setting CVar [[r.SSR.Quality:3]]
[2020.03.05-14.23.45:494][  0]LogConfig: Setting CVar [[r.SSR.HalfResSceneColor:0]]
[2020.03.05-14.23.45:494][  0]LogConfig: Setting CVar [[r.SceneColorFormat:4]]
[2020.03.05-14.23.45:494][  0]LogConfig: Setting CVar [[r.DetailMode:2]]
[2020.03.05-14.23.45:494][  0]LogConfig: Setting CVar [[r.TranslucencyVolumeBlur:1]]
[2020.03.05-14.23.45:494][  0]LogConfig: Setting CVar [[r.MaterialQualityLevel:1 ; High quality]]
[2020.03.05-14.23.45:494][  0]LogConfig: Setting CVar [[r.SSS.Scale:1]]
[2020.03.05-14.23.45:494][  0]LogConfig: Setting CVar [[r.SSS.SampleSet:2]]
[2020.03.05-14.23.45:494][  0]LogConfig: Setting CVar [[r.SSS.Quality:1]]
[2020.03.05-14.23.45:494][  0]LogConfig: Setting CVar [[r.SSS.HalfRes:1]]
[2020.03.05-14.23.45:494][  0]LogConfig: Setting CVar [[r.SSGI.Quality:3]]
[2020.03.05-14.23.45:494][  0]LogConfig: Setting CVar [[r.EmitterSpawnRateScale:1.0]]
[2020.03.05-14.23.45:494][  0]LogConfig: Setting CVar [[r.ParticleLightQuality:2]]
[2020.03.05-14.23.45:494][  0]LogConfig: Setting CVar [[r.SkyAtmosphere.AerialPerspectiveLUT.FastApplyOnOpaque:1 ; Always have FastSkyLUT 1 in this case to avoid wrong sky]]
[2020.03.05-14.23.45:494][  0]LogConfig: Setting CVar [[r.SkyAtmosphere.AerialPerspectiveLUT.SampleCountPerSlice:1]]
[2020.03.05-14.23.45:494][  0]LogConfig: Setting CVar [[r.SkyAtmosphere.AerialPerspectiveLUT.DepthResolution:16.0]]
[2020.03.05-14.23.45:494][  0]LogConfig: Setting CVar [[r.SkyAtmosphere.FastSkyLUT:1]]
[2020.03.05-14.23.45:495][  0]LogConfig: Setting CVar [[r.SkyAtmosphere.FastSkyLUT.SampleCountMin:4.0]]
[2020.03.05-14.23.45:495][  0]LogConfig: Setting CVar [[r.SkyAtmosphere.FastSkyLUT.SampleCountMax:32.0]]
[2020.03.05-14.23.45:495][  0]LogConfig: Setting CVar [[r.SkyAtmosphere.SampleCountMin:4.0]]
[2020.03.05-14.23.45:495][  0]LogConfig: Setting CVar [[r.SkyAtmosphere.SampleCountMax:32.0]]
[2020.03.05-14.23.45:495][  0]LogConfig: Setting CVar [[r.SkyAtmosphere.TransmittanceLUT.UseSmallFormat:0]]
[2020.03.05-14.23.45:495][  0]LogConfig: Setting CVar [[r.SkyAtmosphere.TransmittanceLUT.SampleCount:10.0]]
[2020.03.05-14.23.45:495][  0]LogConfig: Setting CVar [[r.SkyAtmosphere.MultiScatteringLUT.SampleCount:15.0]]
[2020.03.05-14.23.45:495][  0]LogConfig: Applying CVar settings from Section [FoliageQuality@3] File [D:/Readmy/MyProject4/Saved/Config/Windows/Scalability.ini]
[2020.03.05-14.23.45:495][  0]LogConfig: Setting CVar [[foliage.DensityScale:1.0]]
[2020.03.05-14.23.45:495][  0]LogConfig: Setting CVar [[grass.DensityScale:1.0]]
[2020.03.05-14.23.45:495][  0]LogConfig: Applying CVar settings from Section [ShadingQuality@3] File [D:/Readmy/MyProject4/Saved/Config/Windows/Scalability.ini]
[2020.03.05-14.23.45:495][  0]LogConfig: Setting CVar [[r.HairStrands.SkyLighting.SampleCount:16]]
[2020.03.05-14.23.45:495][  0]LogConfig: Setting CVar [[r.HairStrands.SkyLighting.JitterIntegration:0]]
[2020.03.05-14.23.45:495][  0]LogConfig: Setting CVar [[r.HairStrands.SkyAO.SampleCount:16]]
[2020.03.05-14.23.45:495][  0]LogInit: Selected Device Profile: [Windows]
[2020.03.05-14.23.45:495][  0]LogInit: Applying CVar settings loaded from the selected device profile: [Windows]
[2020.03.05-14.23.45:500][  0]LogHAL: Display: Platform has ~ 16 GB [17106624512 / 17179869184 / 16], which maps to Larger [LargestMinGB=32, LargerMinGB=12, DefaultMinGB=8, SmallerMinGB=6, SmallestMinGB=0)
[2020.03.05-14.23.45:500][  0]LogInit: Going up to parent DeviceProfile []
[2020.03.05-14.23.45:500][  0]LogConfig: Applying CVar settings from Section [ViewDistanceQuality@Cine] File [D:/Readmy/MyProject4/Saved/Config/Windows/Scalability.ini]
[2020.03.05-14.23.45:500][  0]LogConfig: Setting CVar [[r.SkeletalMeshLODBias:0]]
[2020.03.05-14.23.45:500][  0]LogConfig: Setting CVar [[r.ViewDistanceScale:10.0]]
[2020.03.05-14.23.45:500][  0]LogConfig: Applying CVar settings from Section [AntiAliasingQuality@0] File [D:/Readmy/MyProject4/Saved/Config/Windows/Scalability.ini]
[2020.03.05-14.23.45:500][  0]LogConfig: Setting CVar [[r.PostProcessAAQuality:0]]
[2020.03.05-14.23.45:500][  0]LogConfig: Applying CVar settings from Section [ShadowQuality@Cine] File [D:/Readmy/MyProject4/Saved/Config/Windows/Scalability.ini]
[2020.03.05-14.23.45:500][  0]LogConfig: Setting CVar [[r.LightFunctionQuality:1]]
[2020.03.05-14.23.45:500][  0]LogConfig: Setting CVar [[r.ShadowQuality:5]]
[2020.03.05-14.23.45:500][  0]LogConfig: Setting CVar [[r.Shadow.CSM.MaxCascades:10]]
[2020.03.05-14.23.45:500][  0]LogConfig: Setting CVar [[r.Shadow.MaxResolution:4096]]
[2020.03.05-14.23.45:500][  0]LogConfig: Setting CVar [[r.Shadow.MaxCSMResolution:4096]]
[2020.03.05-14.23.45:500][  0]LogConfig: Setting CVar [[r.Shadow.RadiusThreshold:0]]
[2020.03.05-14.23.45:500][  0]LogConfig: Setting CVar [[r.Shadow.DistanceScale:1.0]]
[2020.03.05-14.23.45:500][  0]LogConfig: Setting CVar [[r.Shadow.CSM.TransitionScale:1.0]]
[2020.03.05-14.23.45:500][  0]LogConfig: Setting CVar [[r.Shadow.PreShadowResolutionFactor:1.0]]
[2020.03.05-14.23.45:500][  0]LogConfig: Setting CVar [[r.DistanceFieldShadowing:1]]
[2020.03.05-14.23.45:500][  0]LogConfig: Setting CVar [[r.DistanceFieldAO:1]]
[2020.03.05-14.23.45:500][  0]LogConfig: Setting CVar [[r.AOQuality:2]]
[2020.03.05-14.23.45:500][  0]LogConfig: Setting CVar [[r.VolumetricFog:1]]
[2020.03.05-14.23.45:500][  0]LogConfig: Setting CVar [[r.VolumetricFog.GridPixelSize:4]]
[2020.03.05-14.23.45:500][  0]LogConfig: Setting CVar [[r.VolumetricFog.GridSizeZ:128]]
[2020.03.05-14.23.45:500][  0]LogConfig: Setting CVar [[r.VolumetricFog.HistoryMissSupersampleCount:16]]
[2020.03.05-14.23.45:500][  0]LogConfig: Setting CVar [[r.LightMaxDrawDistanceScale:1]]
[2020.03.05-14.23.45:500][  0]LogConfig: Setting CVar [[r.CapsuleShadows:1]]
[2020.03.05-14.23.45:500][  0]LogConfig: Applying CVar settings from Section [PostProcessQuality@0] File [D:/Readmy/MyProject4/Saved/Config/Windows/Scalability.ini]
[2020.03.05-14.23.45:501][  0]LogConfig: Setting CVar [[r.MotionBlurQuality:0]]
[2020.03.05-14.23.45:501][  0]LogConfig: Setting CVar [[r.AmbientOcclusionMipLevelFactor:1.0]]
[2020.03.05-14.23.45:501][  0]LogConfig: Setting CVar [[r.AmbientOcclusionMaxQuality:0]]
[2020.03.05-14.23.45:501][  0]LogConfig: Setting CVar [[r.AmbientOcclusionLevels:0]]
[2020.03.05-14.23.45:501][  0]LogConfig: Setting CVar [[r.AmbientOcclusionRadiusScale:1.2]]
[2020.03.05-14.23.45:501][  0]LogConfig: Setting CVar [[r.DepthOfFieldQuality:0]]
[2020.03.05-14.23.45:501][  0]LogConfig: Setting CVar [[r.RenderTargetPoolMin:300]]
[2020.03.05-14.23.45:501][  0]LogConfig: Setting CVar [[r.LensFlareQuality:0]]
[2020.03.05-14.23.45:501][  0]LogConfig: Setting CVar [[r.SceneColorFringeQuality:0]]
[2020.03.05-14.23.45:501][  0]LogConfig: Setting CVar [[r.EyeAdaptationQuality:0]]
[2020.03.05-14.23.45:501][  0]LogConfig: Setting CVar [[r.BloomQuality:4]]
[2020.03.05-14.23.45:501][  0]LogConfig: Setting CVar [[r.FastBlurThreshold:0]]
[2020.03.05-14.23.45:501][  0]LogConfig: Setting CVar [[r.Upscale.Quality:1]]
[2020.03.05-14.23.45:501][  0]LogConfig: Setting CVar [[r.Tonemapper.GrainQuantization:0]]
[2020.03.05-14.23.45:501][  0]LogConfig: Setting CVar [[r.LightShaftQuality:0]]
[2020.03.05-14.23.45:501][  0]LogConfig: Setting CVar [[r.Filter.SizeScale:0.6]]
[2020.03.05-14.23.45:501][  0]LogConfig: Setting CVar [[r.Tonemapper.Quality:0]]
[2020.03.05-14.23.45:501][  0]LogConfig: Applying CVar settings from Section [TextureQuality@Cine] File [D:/Readmy/MyProject4/Saved/Config/Windows/Scalability.ini]
[2020.03.05-14.23.45:501][  0]LogConfig: Setting CVar [[r.Streaming.MipBias:0]]
[2020.03.05-14.23.45:501][  0]LogConfig: Setting CVar [[r.Streaming.AmortizeCPUToGPUCopy:0]]
[2020.03.05-14.23.45:501][  0]LogConfig: Setting CVar [[r.Streaming.MaxNumTexturesToStreamPerFrame:0]]
[2020.03.05-14.23.45:501][  0]LogConfig: Setting CVar [[r.Streaming.Boost:1]]
[2020.03.05-14.23.45:501][  0]LogConfig: Setting CVar [[r.MaxAnisotropy:8]]
[2020.03.05-14.23.45:501][  0]LogConfig: Setting CVar [[r.VT.MaxAnisotropy:8]]
[2020.03.05-14.23.45:501][  0]LogConfig: Setting CVar [[r.Streaming.LimitPoolSizeToVRAM:0]]
[2020.03.05-14.23.45:501][  0]LogConfig: Setting CVar [[r.Streaming.PoolSize:3000]]
[2020.03.05-14.23.45:501][  0]LogConfig: Setting CVar [[r.Streaming.MaxEffectiveScreenSize:0]]
[2020.03.05-14.23.45:501][  0]LogConfig: Applying CVar settings from Section [EffectsQuality@Cine] File [D:/Readmy/MyProject4/Saved/Config/Windows/Scalability.ini]
[2020.03.05-14.23.45:501][  0]LogConfig: Setting CVar [[r.TranslucencyLightingVolumeDim:64]]
[2020.03.05-14.23.45:501][  0]LogConfig: Setting CVar [[r.RefractionQuality:2]]
[2020.03.05-14.23.45:501][  0]LogConfig: Setting CVar [[r.SSR.Quality:4]]
[2020.03.05-14.23.45:501][  0]LogConfig: Setting CVar [[r.SSR.HalfResSceneColor:0]]
[2020.03.05-14.23.45:501][  0]LogConfig: Setting CVar [[r.SceneColorFormat:4]]
[2020.03.05-14.23.45:501][  0]LogConfig: Setting CVar [[r.DetailMode:2]]
[2020.03.05-14.23.45:501][  0]LogConfig: Setting CVar [[r.TranslucencyVolumeBlur:1]]
[2020.03.05-14.23.45:501][  0]LogConfig: Setting CVar [[r.MaterialQualityLevel:1 ; High quality]]
[2020.03.05-14.23.45:501][  0]LogConfig: Setting CVar [[r.SSS.Scale:1]]
[2020.03.05-14.23.45:501][  0]LogConfig: Setting CVar [[r.SSS.SampleSet:2]]
[2020.03.05-14.23.45:501][  0]LogConfig: Setting CVar [[r.SSS.Quality:1]]
[2020.03.05-14.23.45:501][  0]LogConfig: Setting CVar [[r.SSS.HalfRes:0]]
[2020.03.05-14.23.45:501][  0]LogConfig: Setting CVar [[r.SSGI.Quality:4]]
[2020.03.05-14.23.45:501][  0]LogConfig: Setting CVar [[r.EmitterSpawnRateScale:1.0]]
[2020.03.05-14.23.45:501][  0]LogConfig: Setting CVar [[r.ParticleLightQuality:2]]
[2020.03.05-14.23.45:501][  0]LogConfig: Setting CVar [[r.SkyAtmosphere.AerialPerspectiveLUT.FastApplyOnOpaque:0]]
[2020.03.05-14.23.45:501][  0]LogConfig: Setting CVar [[r.SkyAtmosphere.AerialPerspectiveLUT.SampleCountPerSlice:2]]
[2020.03.05-14.23.45:501][  0]LogConfig: Setting CVar [[r.SkyAtmosphere.AerialPerspectiveLUT.DepthResolution:32.0]]
[2020.03.05-14.23.45:501][  0]LogConfig: Setting CVar [[r.SkyAtmosphere.FastSkyLUT:0]]
[2020.03.05-14.23.45:501][  0]LogConfig: Setting CVar [[r.SkyAtmosphere.FastSkyLUT.SampleCountMin:4.0]]
[2020.03.05-14.23.45:501][  0]LogConfig: Setting CVar [[r.SkyAtmosphere.FastSkyLUT.SampleCountMax:32.0]]
[2020.03.05-14.23.45:501][  0]LogConfig: Setting CVar [[r.SkyAtmosphere.SampleCountMin:8.0]]
[2020.03.05-14.23.45:501][  0]LogConfig: Setting CVar [[r.SkyAtmosphere.SampleCountMax:32.0]]
[2020.03.05-14.23.45:502][  0]LogConfig: Setting CVar [[r.SkyAtmosphere.TransmittanceLUT.UseSmallFormat:0]]
[2020.03.05-14.23.45:502][  0]LogConfig: Setting CVar [[r.SkyAtmosphere.TransmittanceLUT.SampleCount:30.0]]
[2020.03.05-14.23.45:502][  0]LogConfig: Setting CVar [[r.SkyAtmosphere.MultiScatteringLUT.SampleCount:20.0]]
[2020.03.05-14.23.45:502][  0]LogConfig: Applying CVar settings from Section [FoliageQuality@Cine] File [D:/Readmy/MyProject4/Saved/Config/Windows/Scalability.ini]
[2020.03.05-14.23.45:502][  0]LogConfig: Setting CVar [[foliage.DensityScale:1.0]]
[2020.03.05-14.23.45:502][  0]LogConfig: Setting CVar [[grass.DensityScale:1.0]]
[2020.03.05-14.23.45:502][  0]LogConfig: Applying CVar settings from Section [ShadingQuality@3] File [D:/Readmy/MyProject4/Saved/Config/Windows/Scalability.ini]
[2020.03.05-14.23.45:502][  0]LogConfig: Setting CVar [[r.HairStrands.SkyLighting.SampleCount:16]]
[2020.03.05-14.23.45:502][  0]LogConfig: Setting CVar [[r.HairStrands.SkyLighting.JitterIntegration:0]]
[2020.03.05-14.23.45:502][  0]LogConfig: Setting CVar [[r.HairStrands.SkyAO.SampleCount:16]]
[2020.03.05-14.23.45:502][  0]LogConfig: Applying CVar settings from Section [Startup] File [../../../Engine/Config/ConsoleVariables.ini]
[2020.03.05-14.23.45:502][  0]LogConfig: Setting CVar [[net.UseAdaptiveNetUpdateFrequency:0]]
[2020.03.05-14.23.45:502][  0]LogConfig: Setting CVar [[p.chaos.AllowCreatePhysxBodies:1]]
[2020.03.05-14.23.45:502][  0]LogConfig: Applying CVar settings from Section [ConsoleVariables] File [D:/Readmy/MyProject4/Saved/Config/Windows/Engine.ini]
[2020.03.05-14.23.45:503][  0]LogInit: Computer: DESKTOP-U9K83OO
[2020.03.05-14.23.45:503][  0]LogInit: User: HP
[2020.03.05-14.23.45:503][  0]LogInit: CPU Page size=4096, Cores=2
[2020.03.05-14.23.45:503][  0]LogInit: High frequency timer resolution =2.338335 MHz
[2020.03.05-14.23.45:503][  0]LogMemory: Memory total: Physical=15.9GB (16GB approx)
[2020.03.05-14.23.45:503][  0]LogMemory: Platform Memory Stats for Windows
[2020.03.05-14.23.45:503][  0]LogMemory: Process Physical Memory: 103.70 MB used, 103.70 MB peak
[2020.03.05-14.23.45:503][  0]LogMemory: Process Virtual Memory: 99.77 MB used, 99.77 MB peak
[2020.03.05-14.23.45:503][  0]LogMemory: Physical Memory: 5435.18 MB used,  10878.97 MB free, 16314.15 MB total
[2020.03.05-14.23.45:503][  0]LogMemory: Virtual Memory: 999.43 MB used,  134216728.00 MB free, 134217728.00 MB total
[2020.03.05-14.23.45:509][  0]LogWindows: WindowsPlatformFeatures enabled
[2020.03.05-14.23.45:546][  0]LogInit: Using OS detected language (ru-RU).
[2020.03.05-14.23.45:546][  0]LogInit: Using OS detected locale (ru-RU).
[2020.03.05-14.23.45:547][  0]LogTextLocalizationManager: No specific localization for 'ru-RU' exists, so the 'ru' localization will be used.
[2020.03.05-14.23.45:547][  0]LogTextLocalizationResource: LocRes '../../../Engine/Content/Localization/Editor/ru/Editor.locres' could not be opened for reading!
[2020.03.05-14.23.45:548][  0]LogTextLocalizationResource: LocRes '../../../Engine/Content/Localization/EditorTutorials/ru/EditorTutorials.locres' could not be opened for reading!
[2020.03.05-14.23.45:548][  0]LogTextLocalizationResource: LocRes '../../../Engine/Content/Localization/Keywords/ru/Keywords.locres' could not be opened for reading!
[2020.03.05-14.23.45:548][  0]LogTextLocalizationResource: LocRes '../../../Engine/Content/Localization/Category/ru/Category.locres' could not be opened for reading!
[2020.03.05-14.23.45:548][  0]LogTextLocalizationResource: LocRes '../../../Engine/Content/Localization/ToolTips/ru/ToolTips.locres' could not be opened for reading!
[2020.03.05-14.23.45:548][  0]LogTextLocalizationResource: LocRes '../../../Engine/Content/Localization/PropertyNames/ru/PropertyNames.locres' could not be opened for reading!
[2020.03.05-14.23.45:548][  0]LogTextLocalizationResource: LocRes '../../../Engine/Content/Localization/Engine/ru/Engine.locres' could not be opened for reading!
[2020.03.05-14.23.45:549][  0]LogInit: Setting process to per monitor DPI aware
[2020.03.05-14.23.45:601][  0]LogSlate: New Slate User Created.  User Index 0, Is Virtual User: 0
[2020.03.05-14.23.45:601][  0]LogSlate: Slate User Registered.  User Index 0, Is Virtual User: 0
[2020.03.05-14.23.45:967][  0]LogHMD: Failed to initialize OpenVR with code 110
[2020.03.05-14.23.45:968][  0]LogD3D11RHI: D3D11 min allowed feature level: 11_0
[2020.03.05-14.23.45:968][  0]LogD3D11RHI: D3D11 max allowed feature level: 11_0
[2020.03.05-14.23.45:968][  0]LogD3D11RHI: D3D11 adapters:
[2020.03.05-14.23.46:168][  0]LogD3D11RHI:    0. 'NVIDIA GeForce 840M' (Feature Level 11_0)
[2020.03.05-14.23.46:168][  0]LogD3D11RHI:       2010/0/8157 MB DedicatedVideo/DedicatedSystem/SharedSystem, Outputs:1, VendorId:0x10de
[2020.03.05-14.23.46:178][  0]LogD3D11RHI:    1. 'Intel(R) HD Graphics Family' (Feature Level 11_0)
[2020.03.05-14.23.46:179][  0]LogD3D11RHI:       112/0/2048 MB DedicatedVideo/DedicatedSystem/SharedSystem, Outputs:0, VendorId:0x8086
[2020.03.05-14.23.46:181][  0]LogD3D11RHI:    2. 'Microsoft Basic Render Driver' (Feature Level 11_0)
[2020.03.05-14.23.46:182][  0]LogD3D11RHI:       0/0/8157 MB DedicatedVideo/DedicatedSystem/SharedSystem, Outputs:0, VendorId:0x1414
[2020.03.05-14.23.46:182][  0]LogD3D11RHI: Chosen D3D11 Adapter: 0
[2020.03.05-14.23.46:195][  0]LogD3D11RHI: Creating new Direct3DDevice
[2020.03.05-14.23.46:195][  0]LogD3D11RHI:     GPU DeviceId: 0x1341 (for the marketing name, search the web for "GPU Device Id")
[2020.03.05-14.23.46:195][  0]LogWindows: EnumDisplayDevices:
[2020.03.05-14.23.46:195][  0]LogWindows:    0. 'Intel(R) HD Graphics Family' (P:1 D:1)
[2020.03.05-14.23.46:196][  0]LogWindows:    1. 'Intel(R) HD Graphics Family' (P:0 D:0)
[2020.03.05-14.23.46:197][  0]LogWindows:    2. 'Intel(R) HD Graphics Family' (P:0 D:0)
[2020.03.05-14.23.46:197][  0]LogWindows: DebugString: PrimaryIsNotTheChoosenAdapter PrimaryIsNotTheChoosenAdapter PrimaryIsNotTheChoosenAdapter FoundDriverCount:0 
[2020.03.05-14.23.46:197][  0]LogD3D11RHI:     Adapter Name: NVIDIA GeForce 840M
[2020.03.05-14.23.46:197][  0]LogD3D11RHI:   Driver Version: Unknown (internal:Unknown, unified:Unknown)
[2020.03.05-14.23.46:197][  0]LogD3D11RHI:      Driver Date: Unknown
[2020.03.05-14.23.46:197][  0]LogRHI: Texture pool is 1407 MB (70% of 2010 MB)
[2020.03.05-14.23.46:306][  0]LogD3D11RHI: RHI has support for 64 bit atomics
[2020.03.05-14.23.46:306][  0]LogD3D11RHI: Async texture creation enabled
[2020.03.05-14.23.46:330][  0]LogD3D11RHI: GPU Timing Frequency: 1000.000000 (Debug: 2 2)
[2020.03.05-14.23.47:057][  0]LogTargetPlatformManager: Display: Loaded TargetPlatform 'AllDesktop'
[2020.03.05-14.23.47:128][  0]LogTargetPlatformManager: Display: Loaded TargetPlatform 'Android'
[2020.03.05-14.23.47:128][  0]LogTargetPlatformManager: Display: Loaded TargetPlatform 'Android_ASTC'
[2020.03.05-14.23.47:128][  0]LogTargetPlatformManager: Display: Loaded TargetPlatform 'Android_ATC'
[2020.03.05-14.23.47:128][  0]LogTargetPlatformManager: Display: Loaded TargetPlatform 'Android_DXT'
[2020.03.05-14.23.47:128][  0]LogTargetPlatformManager: Display: Loaded TargetPlatform 'Android_ETC1'
[2020.03.05-14.23.47:128][  0]LogTargetPlatformManager: Display: Loaded TargetPlatform 'Android_ETC1a'
[2020.03.05-14.23.47:128][  0]LogTargetPlatformManager: Display: Loaded TargetPlatform 'Android_ETC2'
[2020.03.05-14.23.47:128][  0]LogTargetPlatformManager: Display: Loaded TargetPlatform 'Android_PVRTC'
[2020.03.05-14.23.47:128][  0]LogTargetPlatformManager: Display: Loaded TargetPlatform 'AndroidClient'
[2020.03.05-14.23.47:128][  0]LogTargetPlatformManager: Display: Loaded TargetPlatform 'Android_ASTCClient'
[2020.03.05-14.23.47:128][  0]LogTargetPlatformManager: Display: Loaded TargetPlatform 'Android_ATCClient'
[2020.03.05-14.23.47:128][  0]LogTargetPlatformManager: Display: Loaded TargetPlatform 'Android_DXTClient'
[2020.03.05-14.23.47:128][  0]LogTargetPlatformManager: Display: Loaded TargetPlatform 'Android_ETC1Client'
[2020.03.05-14.23.47:129][  0]LogTargetPlatformManager: Display: Loaded TargetPlatform 'Android_ETC1aClient'
[2020.03.05-14.23.47:129][  0]LogTargetPlatformManager: Display: Loaded TargetPlatform 'Android_ETC2Client'
[2020.03.05-14.23.47:129][  0]LogTargetPlatformManager: Display: Loaded TargetPlatform 'Android_PVRTCClient'
[2020.03.05-14.23.47:129][  0]LogTargetPlatformManager: Display: Loaded TargetPlatform 'Android_Multi'
[2020.03.05-14.23.47:129][  0]LogTargetPlatformManager: Display: Loaded TargetPlatform 'Android_MultiClient'
[2020.03.05-14.23.47:160][  0]LogTargetPlatformManager: Display: Loaded TargetPlatform 'IOSClient'
[2020.03.05-14.23.47:160][  0]LogTargetPlatformManager: Display: Loaded TargetPlatform 'IOS'
[2020.03.05-14.23.47:172][  0]LogTargetPlatformManager: Display: Loaded TargetPlatform 'LinuxNoEditor'
[2020.03.05-14.23.47:185][  0]LogTargetPlatformManager: Display: Loaded TargetPlatform 'LinuxClient'
[2020.03.05-14.23.47:199][  0]LogTargetPlatformManager: Display: Loaded TargetPlatform 'LinuxServer'
[2020.03.05-14.23.47:211][  0]LogTargetPlatformManager: Display: Loaded TargetPlatform 'LinuxAArch64NoEditor'
[2020.03.05-14.23.47:224][  0]LogTargetPlatformManager: Display: Loaded TargetPlatform 'LinuxAArch64Client'
[2020.03.05-14.23.47:237][  0]LogTargetPlatformManager: Display: Loaded TargetPlatform 'LinuxAArch64Server'
[2020.03.05-14.23.47:279][  0]LogTargetPlatformManager: Display: Loaded TargetPlatform 'Lumin'
[2020.03.05-14.23.47:279][  0]LogTargetPlatformManager: Display: Loaded TargetPlatform 'LuminClient'
[2020.03.05-14.23.47:305][  0]LogTargetPlatformManager: Display: Loaded TargetPlatform 'TVOSClient'
[2020.03.05-14.23.47:305][  0]LogTargetPlatformManager: Display: Loaded TargetPlatform 'TVOS'
[2020.03.05-14.23.47:316][  0]LogTargetPlatformManager: Display: Loaded TargetPlatform 'WindowsNoEditor'
[2020.03.05-14.23.47:332][  0]LogTargetPlatformManager: Display: Loaded TargetPlatform 'Windows'
[2020.03.05-14.23.47:343][  0]LogTargetPlatformManager: Display: Loaded TargetPlatform 'WindowsClient'
[2020.03.05-14.23.47:354][  0]LogTargetPlatformManager: Display: Loaded TargetPlatform 'WindowsServer'
[2020.03.05-14.23.47:354][  0]LogTargetPlatformManager: Display: Building Assets For Windows
[2020.03.05-14.23.47:360][  0]LogAudioDebug: Display: Lib vorbis DLL was dynamically loaded.
[2020.03.05-14.23.47:398][  0]LogShaderCompilers: Guid format shader working directory is 10 characters bigger than the processId version (../../../../../Readmy/MyProject4/Intermediate/Shaders/WorkingDirectory/10224/).
[2020.03.05-14.23.47:398][  0]LogShaderCompilers: Cleaned the shader compiler working directory 'C:/Users/HP/AppData/Local/Temp/UnrealShaderWorkingDir/8B54CB89462DF7CD93DB38912DF3213B/'.
[2020.03.05-14.23.47:399][  0]LogXGEController: Cannot use XGE Controller as Incredibuild is not installed on this machine.
[2020.03.05-14.23.47:399][  0]LogShaderCompilers: Cannot use XGE Shader Compiler as Incredibuild is not installed on this machine.
[2020.03.05-14.23.47:399][  0]LogShaderCompilers: Display: Using Local Shader Compiler.
[2020.03.05-14.23.48:702][  0]LogDerivedDataCache: Display: Max Cache Size: 512 MB
[2020.03.05-14.23.48:851][  0]LogDerivedDataCache: Loaded boot cache 0.15s 78MB C:/Users/HP/AppData/Local/UnrealEngine/4.24/DerivedDataCache/Boot.ddc.
[2020.03.05-14.23.48:851][  0]LogDerivedDataCache: Display: Loaded Boot cache: C:/Users/HP/AppData/Local/UnrealEngine/4.24/DerivedDataCache/Boot.ddc
[2020.03.05-14.23.48:852][  0]LogDerivedDataCache: FDerivedDataBackendGraph:  Pak pak cache file ../../../../../Readmy/MyProject4/DerivedDataCache/DDC.ddp not found, will not use a pak cache.
[2020.03.05-14.23.48:852][  0]LogDerivedDataCache: Unable to find inner node Pak for hierarchical cache Hierarchy.
[2020.03.05-14.23.48:852][  0]LogDerivedDataCache: FDerivedDataBackendGraph:  CompressedPak pak cache file ../../../../../Readmy/MyProject4/DerivedDataCache/Compressed.ddp not found, will not use a pak cache.
[2020.03.05-14.23.48:852][  0]LogDerivedDataCache: Unable to find inner node CompressedPak for hierarchical cache Hierarchy.
[2020.03.05-14.23.48:870][  0]LogDerivedDataCache: Display: Pak cache opened for reading ../../../Engine/DerivedDataCache/Compressed.ddp.
[2020.03.05-14.23.48:870][  0]LogDerivedDataCache: FDerivedDataBackendGraph:  EnterprisePak pak cache file ../../../Enterprise/DerivedDataCache/Compressed.ddp not found, will not use a pak cache.
[2020.03.05-14.23.48:871][  0]LogDerivedDataCache: Unable to find inner node EnterprisePak for hierarchical cache Hierarchy.
[2020.03.05-14.23.48:872][  0]LogDerivedDataCache: Using Local data cache path C:/Users/HP/AppData/Local/UnrealEngine/Common/DerivedDataCache: Writable
[2020.03.05-14.23.48:872][  0]LogDerivedDataCache: Shared data cache path not found in *engine.ini, will not use an Shared cache.
[2020.03.05-14.23.48:872][  0]LogDerivedDataCache: Unable to find inner node Shared for hierarchical cache Hierarchy.
[2020.03.05-14.23.48:925][  0]LogMaterial: Verifying Global Shaders for PCD3D_SM5
[2020.03.05-14.23.48:932][  0]LogSlate: Using FreeType 2.10.0
[2020.03.05-14.23.48:932][  0]LogSlate: SlateFontServices - WITH_FREETYPE: 1, WITH_HARFBUZZ: 1
[2020.03.05-14.23.49:024][  0]LogAssetRegistry: FAssetRegistry took 0.0050 seconds to start up
[2020.03.05-14.23.49:579][  0]LogInit: Selected Device Profile: [Windows]
[2020.03.05-14.23.49:838][  0]LogMeshReduction: Using QuadricMeshReduction for automatic static mesh reduction
[2020.03.05-14.23.49:838][  0]LogMeshReduction: Using SimplygonMeshReduction for automatic skeletal mesh reduction
[2020.03.05-14.23.49:838][  0]LogMeshReduction: Using ProxyLODMeshReduction for automatic mesh merging
[2020.03.05-14.23.49:838][  0]LogMeshReduction: No distributed automatic mesh merging module available
[2020.03.05-14.23.49:838][  0]LogMeshMerging: No distributed automatic mesh merging module available
[2020.03.05-14.23.49:860][  0]LogNetVersion: MyProject4 1.0.0, NetCL: 10570792, EngineNetVer: 13, GameNetVer: 0 (Checksum: 2773206929)
[2020.03.05-14.23.51:583][  0]LogPackageLocalizationCache: Processed 10 localized package path(s) for 1 prioritized culture(s) in 0.042680 seconds
[2020.03.05-14.23.51:601][  0]LogUObjectArray: 46750 objects as part of root set at end of initial load.
[2020.03.05-14.23.51:601][  0]LogUObjectAllocator: 8137160 out of 0 bytes used by permanent object pool.
[2020.03.05-14.23.51:601][  0]LogUObjectArray: CloseDisregardForGC: 0/0 objects in disregard for GC pool
[2020.03.05-14.23.52:293][  0]LogTcpMessaging: Initializing TcpMessaging bridge
[2020.03.05-14.23.52:297][  0]LogUdpMessaging: Initializing bridge on interface 0.0.0.0:0 to multicast group 230.0.0.1:6666.
[2020.03.05-14.23.52:372][  0]SourceControl: Source control is disabled
[2020.03.05-14.23.52:372][  0]LogWindows: Warning: CreateProc failed: Не удается найти указанный файл. (0x00000002)
[2020.03.05-14.23.52:372][  0]LogWindows: Warning: URL: C:/Program Files/Git/bin/git.exe version
[2020.03.05-14.23.52:373][  0]LogWindows: Warning: CreateProc failed: Не удается найти указанный файл. (0x00000002)
[2020.03.05-14.23.52:373][  0]LogWindows: Warning: URL: C:/Program Files (x86)/Git/bin/git.exe version
[2020.03.05-14.23.52:373][  0]LogWindows: Warning: CreateProc failed: Не удается найти указанный файл. (0x00000002)
[2020.03.05-14.23.52:373][  0]LogWindows: Warning: URL: C:\Users\HP\AppData\Local/Programs/Git/cmd/git.exe version
[2020.03.05-14.23.52:373][  0]LogWindows: Warning: CreateProc failed: Не удается найти указанный файл. (0x00000002)
[2020.03.05-14.23.52:373][  0]LogWindows: Warning: URL: C:/Program Files (x86)/SmartGit/git/bin/git.exe version
[2020.03.05-14.23.52:373][  0]LogWindows: Warning: CreateProc failed: Не удается найти указанный файл. (0x00000002)
[2020.03.05-14.23.52:373][  0]LogWindows: Warning: URL: C:/Program Files (x86)/SmartGit/bin/git.exe version
[2020.03.05-14.23.52:373][  0]LogWindows: Warning: CreateProc failed: Не удается найти указанный файл. (0x00000002)
[2020.03.05-14.23.52:373][  0]LogWindows: Warning: URL: C:\Users\HP\AppData\Local/Atlassian/SourceTree/git_local/bin/git.exe version
[2020.03.05-14.23.52:374][  0]LogWindows: Warning: CreateProc failed: Не удается найти указанный файл. (0x00000002)
[2020.03.05-14.23.52:374][  0]LogWindows: Warning: URL: C:/Program Files (x86)/fournova/Tower/vendor/Git/bin/git.exe version
[2020.03.05-14.23.52:376][  0]LogWindows: Warning: CreateProc failed: Не удается найти указанный файл. (0x00000002)
[2020.03.05-14.23.52:376][  0]LogWindows: Warning: URL: C:/Program Files/Git/bin/git.exe version
[2020.03.05-14.23.52:376][  0]LogWindows: Warning: CreateProc failed: Не удается найти указанный файл. (0x00000002)
[2020.03.05-14.23.52:376][  0]LogWindows: Warning: URL: C:/Program Files (x86)/Git/bin/git.exe version
[2020.03.05-14.23.52:376][  0]LogWindows: Warning: CreateProc failed: Не удается найти указанный файл. (0x00000002)
[2020.03.05-14.23.52:376][  0]LogWindows: Warning: URL: C:\Users\HP\AppData\Local/Programs/Git/cmd/git.exe version
[2020.03.05-14.23.52:377][  0]LogWindows: Warning: CreateProc failed: Не удается найти указанный файл. (0x00000002)
[2020.03.05-14.23.52:377][  0]LogWindows: Warning: URL: C:/Program Files (x86)/SmartGit/git/bin/git.exe version
[2020.03.05-14.23.52:377][  0]LogWindows: Warning: CreateProc failed: Не удается найти указанный файл. (0x00000002)
[2020.03.05-14.23.52:377][  0]LogWindows: Warning: URL: C:/Program Files (x86)/SmartGit/bin/git.exe version
[2020.03.05-14.23.52:377][  0]LogWindows: Warning: CreateProc failed: Не удается найти указанный файл. (0x00000002)
[2020.03.05-14.23.52:377][  0]LogWindows: Warning: URL: C:\Users\HP\AppData\Local/Atlassian/SourceTree/git_local/bin/git.exe version
[2020.03.05-14.23.52:377][  0]LogWindows: Warning: CreateProc failed: Не удается найти указанный файл. (0x00000002)
[2020.03.05-14.23.52:377][  0]LogWindows: Warning: URL: C:/Program Files (x86)/fournova/Tower/vendor/Git/bin/git.exe version
[2020.03.05-14.23.52:378][  0]LogWindows: Warning: CreateProc failed: Не удается найти указанный файл. (0x00000002)
[2020.03.05-14.23.52:378][  0]LogWindows: Warning: URL: C:/Program Files/Git/bin/git.exe version
[2020.03.05-14.23.52:379][  0]LogWindows: Warning: CreateProc failed: Не удается найти указанный файл. (0x00000002)
[2020.03.05-14.23.52:379][  0]LogWindows: Warning: URL: C:/Program Files (x86)/Git/bin/git.exe version
[2020.03.05-14.23.52:379][  0]LogWindows: Warning: CreateProc failed: Не удается найти указанный файл. (0x00000002)
[2020.03.05-14.23.52:379][  0]LogWindows: Warning: URL: C:\Users\HP\AppData\Local/Programs/Git/cmd/git.exe version
[2020.03.05-14.23.52:379][  0]LogWindows: Warning: CreateProc failed: Не удается найти указанный файл. (0x00000002)
[2020.03.05-14.23.52:379][  0]LogWindows: Warning: URL: C:/Program Files (x86)/SmartGit/git/bin/git.exe version
[2020.03.05-14.23.52:379][  0]LogWindows: Warning: CreateProc failed: Не удается найти указанный файл. (0x00000002)
[2020.03.05-14.23.52:379][  0]LogWindows: Warning: URL: C:/Program Files (x86)/SmartGit/bin/git.exe version
[2020.03.05-14.23.52:379][  0]LogWindows: Warning: CreateProc failed: Не удается найти указанный файл. (0x00000002)
[2020.03.05-14.23.52:379][  0]LogWindows: Warning: URL: C:\Users\HP\AppData\Local/Atlassian/SourceTree/git_local/bin/git.exe version
[2020.03.05-14.23.52:379][  0]LogWindows: Warning: CreateProc failed: Не удается найти указанный файл. (0x00000002)
[2020.03.05-14.23.52:379][  0]LogWindows: Warning: URL: C:/Program Files (x86)/fournova/Tower/vendor/Git/bin/git.exe version
[2020.03.05-14.23.52:381][  0]LogWindows: Warning: CreateProc failed: Не удается найти указанный файл. (0x00000002)
[2020.03.05-14.23.52:381][  0]LogWindows: Warning: URL: C:/Program Files/Git/bin/git.exe version
[2020.03.05-14.23.52:381][  0]LogWindows: Warning: CreateProc failed: Не удается найти указанный файл. (0x00000002)
[2020.03.05-14.23.52:381][  0]LogWindows: Warning: URL: C:/Program Files (x86)/Git/bin/git.exe version
[2020.03.05-14.23.52:381][  0]LogWindows: Warning: CreateProc failed: Не удается найти указанный файл. (0x00000002)
[2020.03.05-14.23.52:381][  0]LogWindows: Warning: URL: C:\Users\HP\AppData\Local/Programs/Git/cmd/git.exe version
[2020.03.05-14.23.52:381][  0]LogWindows: Warning: CreateProc failed: Не удается найти указанный файл. (0x00000002)
[2020.03.05-14.23.52:381][  0]LogWindows: Warning: URL: C:/Program Files (x86)/SmartGit/git/bin/git.exe version
[2020.03.05-14.23.52:381][  0]LogWindows: Warning: CreateProc failed: Не удается найти указанный файл. (0x00000002)
[2020.03.05-14.23.52:381][  0]LogWindows: Warning: URL: C:/Program Files (x86)/SmartGit/bin/git.exe version
[2020.03.05-14.23.52:381][  0]LogWindows: Warning: CreateProc failed: Не удается найти указанный файл. (0x00000002)
[2020.03.05-14.23.52:381][  0]LogWindows: Warning: URL: C:\Users\HP\AppData\Local/Atlassian/SourceTree/git_local/bin/git.exe version
[2020.03.05-14.23.52:381][  0]LogWindows: Warning: CreateProc failed: Не удается найти указанный файл. (0x00000002)
[2020.03.05-14.23.52:381][  0]LogWindows: Warning: URL: C:/Program Files (x86)/fournova/Tower/vendor/Git/bin/git.exe version
[2020.03.05-14.23.52:500][  0]LogAndroidPermission: UAndroidPermissionCallbackProxy::GetInstance
[2020.03.05-14.23.52:515][  0]LogAudioCaptureCore: Display: No Audio Capture implementations found. Audio input will be silent.
[2020.03.05-14.23.52:515][  0]LogAudioCaptureCore: Display: No Audio Capture implementations found. Audio input will be silent.
[2020.03.05-14.23.52:647][  0]LogOcInput: OculusInput pre-init called
[2020.03.05-14.23.52:658][  0]LogWindows: Failed to load 'OVRPlugin.dll' (GetLastError=126)
[2020.03.05-14.23.52:658][  0]LogWindows: File 'OVRPlugin.dll' does not exist
[2020.03.05-14.23.52:769][  0]LogEngine: Initializing Engine...
[2020.03.05-14.23.52:770][  0]LogHMD: Failed to initialize OpenVR with code 110
[2020.03.05-14.23.52:771][  0]LogStats: UGameplayTagsManager::InitializeManager -  0.000 s
[2020.03.05-14.23.53:447][  0]LogInit: Initializing FReadOnlyCVARCache
[2020.03.05-14.23.53:463][  0]LogAIModule: Creating AISystem for world Untitled
[2020.03.05-14.23.53:508][  0]LogAudioMixer: Display: Audio Mixer Platform Settings:
[2020.03.05-14.23.53:508][  0]LogAudioMixer: Display: 	Sample Rate:						  48000
[2020.03.05-14.23.53:508][  0]LogAudioMixer: Display: 	Callback Buffer Frame Size Requested: 1024
[2020.03.05-14.23.53:508][  0]LogAudioMixer: Display: 	Callback Buffer Frame Size To Use:	  1024
[2020.03.05-14.23.53:508][  0]LogAudioMixer: Display: 	Number of buffers to queue:			  2
[2020.03.05-14.23.53:508][  0]LogAudioMixer: Display: 	Max Channels (voices):				  32
[2020.03.05-14.23.53:508][  0]LogAudioMixer: Display: 	Number of Async Source Workers:		  0
[2020.03.05-14.23.53:508][  0]LogAudio: Display: AudioDevice MaxSources: 32
[2020.03.05-14.23.53:509][  0]LogAudio: Display: Using built-in audio occlusion.
[2020.03.05-14.23.53:509][  0]LogAudioMixer: Display: Initializing audio mixer.
[2020.03.05-14.23.53:527][  0]LogAudioMixer: Display: Audio Device Output Speaker Info:
[2020.03.05-14.23.53:527][  0]LogAudioMixer: Display: Name: Громкоговоритель и наушники (Realtek High Definition Audio)
[2020.03.05-14.23.53:527][  0]LogAudioMixer: Display: Is Default: Yes
[2020.03.05-14.23.53:527][  0]LogAudioMixer: Display: Sample Rate: 48000
[2020.03.05-14.23.53:527][  0]LogAudioMixer: Display: Channel Count Used: 2
[2020.03.05-14.23.53:527][  0]LogAudioMixer: Display: Device Channel Count: 2
[2020.03.05-14.23.53:527][  0]LogAudioMixer: Display: Channel Order:
[2020.03.05-14.23.53:527][  0]LogAudioMixer: Display: 0: FrontLeft
[2020.03.05-14.23.53:527][  0]LogAudioMixer: Display: 1: FrontRight
[2020.03.05-14.23.53:569][  0]LogAudioMixer: Display: Using Audio Device Громкоговоритель и наушники (Realtek High Definition Audio)
[2020.03.05-14.23.53:585][  0]LogInit: FAudioDevice initialized.
[2020.03.05-14.23.53:585][  0]LogNetVersion: Set ProjectVersion to 1.0.0.0. Version Checksum will be recalculated on next use.
[2020.03.05-14.23.54:144][  0]LogDerivedDataCache: Saved boot cache 0.56s 78MB C:/Users/HP/AppData/Local/UnrealEngine/4.24/DerivedDataCache/Boot.ddc.
[2020.03.05-14.23.54:145][  0]LogInit: Texture streaming: Enabled
[2020.03.05-14.23.54:159][  0]LogEngineSessionManager: EngineSessionManager initialized
[2020.03.05-14.23.54:159][  0]LogEditorSessionSummary: Verbose: Initializing EditorSessionSummaryWriter for editor session tracking
[2020.03.05-14.23.54:162][  0]LogEditorSessionSummary: EditorSessionSummaryWriter initialized
[2020.03.05-14.23.54:217][  0]LogInit: Transaction tracking system initialized
[2020.03.05-14.23.54:239][  0]BlueprintLog: New page: Editor Load
[2020.03.05-14.23.54:286][  0]LocalizationService: Localization service is disabled
[2020.03.05-14.23.54:854][  0]LogFileCache: Scanning file cache for directory 'D:/Readmy/MyProject4/Content/' took 0.01s
[2020.03.05-14.23.54:854][  0]LogCook: Display: Max memory allowance for cook 16384mb min free memory 0mb
[2020.03.05-14.23.54:855][  0]LogCook: Display: Mobile HDR setting 1
[2020.03.05-14.23.55:873][  0]LogWindows: Warning: CreateProc failed: Не удается найти указанный файл. (0x00000002)
[2020.03.05-14.23.55:873][  0]LogWindows: Warning: URL: C:/Program Files/Git/bin/git.exe version
[2020.03.05-14.23.55:873][  0]LogWindows: Warning: CreateProc failed: Не удается найти указанный файл. (0x00000002)
[2020.03.05-14.23.55:873][  0]LogWindows: Warning: URL: C:/Program Files (x86)/Git/bin/git.exe version
[2020.03.05-14.23.55:873][  0]LogWindows: Warning: CreateProc failed: Не удается найти указанный файл. (0x00000002)
[2020.03.05-14.23.55:873][  0]LogWindows: Warning: URL: C:\Users\HP\AppData\Local/Programs/Git/cmd/git.exe version
[2020.03.05-14.23.55:874][  0]LogWindows: Warning: CreateProc failed: Не удается найти указанный файл. (0x00000002)
[2020.03.05-14.23.55:874][  0]LogWindows: Warning: URL: C:/Program Files (x86)/SmartGit/git/bin/git.exe version
[2020.03.05-14.23.55:874][  0]LogWindows: Warning: CreateProc failed: Не удается найти указанный файл. (0x00000002)
[2020.03.05-14.23.55:874][  0]LogWindows: Warning: URL: C:/Program Files (x86)/SmartGit/bin/git.exe version
[2020.03.05-14.23.55:874][  0]LogWindows: Warning: CreateProc failed: Не удается найти указанный файл. (0x00000002)
[2020.03.05-14.23.55:874][  0]LogWindows: Warning: URL: C:\Users\HP\AppData\Local/Atlassian/SourceTree/git_local/bin/git.exe version
[2020.03.05-14.23.55:874][  0]LogWindows: Warning: CreateProc failed: Не удается найти указанный файл. (0x00000002)
[2020.03.05-14.23.55:874][  0]LogWindows: Warning: URL: C:/Program Files (x86)/fournova/Tower/vendor/Git/bin/git.exe version
[2020.03.05-14.23.55:875][  0]Cmd: MAP LOAD FILE="../../../../../Readmy/MyProject4/Content/ThirdPersonBP/Maps/ThirdPersonExampleMap.umap" TEMPLATE=0 SHOWPROGRESS=1 FEATURELEVEL=3
[2020.03.05-14.23.55:875][  0]LightingResults: New page: Lighting Build
[2020.03.05-14.23.55:876][  0]LogWorld: UWorld::CleanupWorld for Untitled, bSessionEnded=true, bCleanupResources=true
[2020.03.05-14.23.55:876][  0]LogSlate: InvalidateAllWidgets triggered.  All widgets were invalidated
[2020.03.05-14.23.55:876][  0]MapCheck: New page: Map Check
[2020.03.05-14.23.55:877][  0]LightingResults: New page: Lighting Build
[2020.03.05-14.23.55:915][  0]LogUObjectHash: Compacting FUObjectHashTables data took   3.79ms
[2020.03.05-14.23.56:550][  0]LogAIModule: Creating AISystem for world ThirdPersonExampleMap
[2020.03.05-14.23.56:569][  0]LogEditorServer: Finished looking for orphan Actors (0.000 secs)
[2020.03.05-14.23.56:632][  0]LogUObjectHash: Compacting FUObjectHashTables data took   5.70ms
[2020.03.05-14.23.56:632][  0]Cmd: MAP CHECKDEP NOCLEARLOG
[2020.03.05-14.23.56:633][  0]MapCheck: Map check complete: 0 Error(s), 0 Warning(s), took 0,263ms to complete.
[2020.03.05-14.23.56:633][  0]LogFileHelpers: Loading map 'ThirdPersonExampleMap' took 0.759
[2020.03.05-14.23.56:732][  0]LogWindowsTextInputMethodSystem: Display: IME system now deactivated.
[2020.03.05-14.23.56:732][  0]LogWindowsTextInputMethodSystem: Display: IME system now deactivated.
[2020.03.05-14.23.56:832][  0]LogSlate: Updating window title bar state: overlay mode, drag disabled, window buttons hidden, title bar hidden
[2020.03.05-14.23.56:846][  0]LogSlate: Updating window title bar state: overlay mode, drag disabled, window buttons hidden, title bar hidden
[2020.03.05-14.23.56:860][  0]LogSlate: Updating window title bar state: overlay mode, drag disabled, window buttons hidden, title bar hidden
[2020.03.05-14.23.56:879][  0]LogSlate: Updating window title bar state: overlay mode, drag disabled, window buttons hidden, title bar hidden
[2020.03.05-14.23.56:889][  0]LogCollectionManager: Loaded 0 collections in 0.003529 seconds
[2020.03.05-14.23.56:922][  0]LogFileCache: Scanning file cache for directory 'D:/Readmy/MyProject4/Saved/Collections/' took 0.00s
[2020.03.05-14.23.56:922][  0]LogFileCache: Scanning file cache for directory 'D:/Readmy/MyProject4/Content/Developers/HP/Collections/' took 0.00s
[2020.03.05-14.23.56:922][  0]LogFileCache: Scanning file cache for directory 'D:/Readmy/MyProject4/Content/Collections/' took 0.00s
[2020.03.05-14.23.56:922][  0]LogContentBrowser: Native class hierarchy populated in 0.0217 seconds. Added 3015 classes and 717 folders.
[2020.03.05-14.23.56:929][  0]LogContentBrowser: Native class hierarchy updated for 'WidgetCarousel' in 0.0005 seconds. Added 0 classes and 0 folders.
[2020.03.05-14.23.57:020][  0]LogContentBrowser: Native class hierarchy updated for 'AddContentDialog' in 0.0004 seconds. Added 0 classes and 0 folders.
[2020.03.05-14.23.57:030][  0]LogContentBrowser: Native class hierarchy updated for 'SceneOutliner' in 0.0007 seconds. Added 2 classes and 3 folders.
[2020.03.05-14.23.57:094][  0]LogSlate: Took 0.000294 seconds to synchronously load lazily loaded font '../../../Engine/Content/Slate/Fonts/Roboto-Regular.ttf' (155K)
[2020.03.05-14.23.57:101][  0]LogSlate: Took 0.000279 seconds to synchronously load lazily loaded font '../../../Engine/Content/Slate/Fonts/Roboto-Bold.ttf' (160K)
[2020.03.05-14.23.57:107][  0]LogSlate: Took 0.000279 seconds to synchronously load lazily loaded font '../../../Engine/Content/Editor/Slate/Fonts/FontAwesome.ttf' (139K)
[2020.03.05-14.23.57:308][  0]LogRenderer: Reallocating scene render targets to support 948x492 Format 10 NumSamples 1 (Frame:1).
[2020.03.05-14.23.57:590][  0]LogContentBrowser: Native class hierarchy updated for 'HierarchicalLODOutliner' in 0.0013 seconds. Added 0 classes and 0 folders.
[2020.03.05-14.23.57:590][  0]LogLoad: (Engine Initialization) Total time: 14.83 seconds
[2020.03.05-14.23.57:590][  0]LogLoad: (Engine Initialization) Total Blueprint compile time: 0.00 seconds
[2020.03.05-14.23.57:664][  0]LogContentStreaming: Texture pool size now 3000 MB
[2020.03.05-14.23.57:706][  0]LogSlate: Took 0.000262 seconds to synchronously load lazily loaded font '../../../Engine/Content/Slate/Fonts/Roboto-Light.ttf' (167K)
[2020.03.05-14.23.57:761][  1]LogAssetRegistry: Asset discovery search completed in 8.7382 seconds
[2020.03.05-14.23.57:771][  1]LogCollectionManager: Fixed up redirectors for 0 collections in 0.000020 seconds (updated 0 objects)
[2020.03.05-14.24.02:554][244]LogTemp: Repeating last play command: Selected Viewport
[2020.03.05-14.24.02:576][244]LogBlueprintUserMessages: Early PlayInEditor Detection: Level '/Game/ThirdPersonBP/Maps/ThirdPersonExampleMap.ThirdPersonExampleMap:PersistentLevel' has LevelScriptBlueprint '/Game/ThirdPersonBP/Maps/ThirdPersonExampleMap.ThirdPersonExampleMap:PersistentLevel.ThirdPersonExampleMap' with GeneratedClass '/Game/ThirdPersonBP/Maps/ThirdPersonExampleMap.ThirdPersonExampleMap_C' with ClassGeneratedBy '/Game/ThirdPersonBP/Maps/ThirdPersonExampleMap.ThirdPersonExampleMap:PersistentLevel.ThirdPersonExampleMap'
[2020.03.05-14.24.02:576][244]LogPlayLevel: PlayLevel: No blueprints needed recompiling
[2020.03.05-14.24.02:578][244]PIE: New page: PIE session: ThirdPersonExampleMap (5 мар. 2020 г., 20:24:02)
[2020.03.05-14.24.02:579][244]LogOnline: OSS: Creating online subsystem instance for: NULL
[2020.03.05-14.24.02:581][244]LogOnline: OSS: TryLoadSubsystemAndSetDefault: Loaded subsystem for module [NULL]
[2020.03.05-14.24.02:581][244]LogPlayLevel: Creating play world package: /Game/ThirdPersonBP/Maps/UEDPIE_0_ThirdPersonExampleMap
[2020.03.05-14.24.02:628][244]LogPlayLevel: PIE: StaticDuplicateObject took: (0.046708s)
[2020.03.05-14.24.02:631][244]LogAIModule: Creating AISystem for world ThirdPersonExampleMap
[2020.03.05-14.24.02:632][244]LogPlayLevel: PIE: World Init took: (0.002956s)
[2020.03.05-14.24.02:632][244]LogPlayLevel: PIE: Created PIE world by copying editor world from /Game/ThirdPersonBP/Maps/ThirdPersonExampleMap.ThirdPersonExampleMap to /Game/ThirdPersonBP/Maps/UEDPIE_0_ThirdPersonExampleMap.ThirdPersonExampleMap (0.050305s)
[2020.03.05-14.24.02:692][244]LogUObjectHash: Compacting FUObjectHashTables data took   5.62ms
[2020.03.05-14.24.02:696][244]LogAudioMixer: Display: Audio Mixer Platform Settings:
[2020.03.05-14.24.02:696][244]LogAudioMixer: Display: 	Sample Rate:						  48000
[2020.03.05-14.24.02:696][244]LogAudioMixer: Display: 	Callback Buffer Frame Size Requested: 1024
[2020.03.05-14.24.02:696][244]LogAudioMixer: Display: 	Callback Buffer Frame Size To Use:	  1024
[2020.03.05-14.24.02:696][244]LogAudioMixer: Display: 	Number of buffers to queue:			  2
[2020.03.05-14.24.02:696][244]LogAudioMixer: Display: 	Max Channels (voices):				  32
[2020.03.05-14.24.02:696][244]LogAudioMixer: Display: 	Number of Async Source Workers:		  0
[2020.03.05-14.24.02:696][244]LogAudio: Display: AudioDevice MaxSources: 32
[2020.03.05-14.24.02:697][244]LogAudio: Display: Using built-in audio occlusion.
[2020.03.05-14.24.02:697][244]LogAudioMixer: Display: Initializing audio mixer.
[2020.03.05-14.24.02:701][244]LogAudioMixer: Display: Audio Device Output Speaker Info:
[2020.03.05-14.24.02:701][244]LogAudioMixer: Display: Name: Громкоговоритель и наушники (Realtek High Definition Audio)
[2020.03.05-14.24.02:701][244]LogAudioMixer: Display: Is Default: Yes
[2020.03.05-14.24.02:701][244]LogAudioMixer: Display: Sample Rate: 48000
[2020.03.05-14.24.02:701][244]LogAudioMixer: Display: Channel Count Used: 2
[2020.03.05-14.24.02:701][244]LogAudioMixer: Display: Device Channel Count: 2
[2020.03.05-14.24.02:701][244]LogAudioMixer: Display: Channel Order:
[2020.03.05-14.24.02:701][244]LogAudioMixer: Display: 0: FrontLeft
[2020.03.05-14.24.02:701][244]LogAudioMixer: Display: 1: FrontRight
[2020.03.05-14.24.02:741][244]LogAudioMixer: Display: Using Audio Device Громкоговоритель и наушники (Realtek High Definition Audio)
[2020.03.05-14.24.02:747][244]LogInit: FAudioDevice initialized.
[2020.03.05-14.24.02:768][244]LogLoad: Game class is 'ThirdPersonGameMode_C'
[2020.03.05-14.24.02:774][244]LogWorld: Bringing World /Game/ThirdPersonBP/Maps/UEDPIE_0_ThirdPersonExampleMap.ThirdPersonExampleMap up for play (max tick rate 60) at 2020.03.05-17.24.02
[2020.03.05-14.24.02:774][244]LogWorld: Bringing up level for play took: 0.004203
[2020.03.05-14.24.02:775][244]LogOnline: OSS: Creating online subsystem instance for: :Context_2
[2020.03.05-14.24.02:781][244]LogContentBrowser: Native class hierarchy updated for 'MovieSceneCapture' in 0.0007 seconds. Added 20 classes and 0 folders.
[2020.03.05-14.24.02:782][244]PIE: Play in editor start time for /Game/ThirdPersonBP/Maps/UEDPIE_0_ThirdPersonExampleMap 0,552
[2020.03.05-14.24.02:783][244]LogBlueprintUserMessages: Late PlayInEditor Detection: Level '/Game/ThirdPersonBP/Maps/ThirdPersonExampleMap.ThirdPersonExampleMap:PersistentLevel' has LevelScriptBlueprint '/Game/ThirdPersonBP/Maps/ThirdPersonExampleMap.ThirdPersonExampleMap:PersistentLevel.ThirdPersonExampleMap' with GeneratedClass '/Game/ThirdPersonBP/Maps/ThirdPersonExampleMap.ThirdPersonExampleMap_C' with ClassGeneratedBy '/Game/ThirdPersonBP/Maps/ThirdPersonExampleMap.ThirdPersonExampleMap:PersistentLevel.ThirdPersonExampleMap'
[2020.03.05-14.24.18:506][133]LogAudioMixer: Display: No commands were queued while flushing the source manager.
[2020.03.05-14.24.18:506][133]LogAudioMixer: Display: No commands were queued while flushing the source manager.
[2020.03.05-14.24.18:506][133]LogBlueprintUserMessages: Early EndPlayMap Detection: Level '/Game/ThirdPersonBP/Maps/ThirdPersonExampleMap.ThirdPersonExampleMap:PersistentLevel' has LevelScriptBlueprint '/Game/ThirdPersonBP/Maps/ThirdPersonExampleMap.ThirdPersonExampleMap:PersistentLevel.ThirdPersonExampleMap' with GeneratedClass '/Game/ThirdPersonBP/Maps/ThirdPersonExampleMap.ThirdPersonExampleMap_C' with ClassGeneratedBy '/Game/ThirdPersonBP/Maps/ThirdPersonExampleMap.ThirdPersonExampleMap:PersistentLevel.ThirdPersonExampleMap'
[2020.03.05-14.24.18:507][133]LogSlate: Updating window title bar state: overlay mode, drag disabled, window buttons hidden, title bar hidden
[2020.03.05-14.24.18:507][133]LogWorld: BeginTearingDown for /Game/ThirdPersonBP/Maps/UEDPIE_0_ThirdPersonExampleMap
[2020.03.05-14.24.18:507][133]LogAudioMixer: Display: No commands were queued while flushing the source manager.
[2020.03.05-14.24.18:508][133]LogWorld: UWorld::CleanupWorld for ThirdPersonExampleMap, bSessionEnded=true, bCleanupResources=true
[2020.03.05-14.24.18:510][133]LogSlate: InvalidateAllWidgets triggered.  All widgets were invalidated
[2020.03.05-14.24.18:530][133]LogPlayLevel: Display: Shutting down PIE online subsystems
[2020.03.05-14.24.18:530][133]LogBlueprintUserMessages: Late EndPlayMap Detection: Level '/Game/ThirdPersonBP/Maps/ThirdPersonExampleMap.ThirdPersonExampleMap:PersistentLevel' has LevelScriptBlueprint '/Game/ThirdPersonBP/Maps/ThirdPersonExampleMap.ThirdPersonExampleMap:PersistentLevel.ThirdPersonExampleMap' with GeneratedClass '/Game/ThirdPersonBP/Maps/ThirdPersonExampleMap.ThirdPersonExampleMap_C' with ClassGeneratedBy '/Game/ThirdPersonBP/Maps/ThirdPersonExampleMap.ThirdPersonExampleMap:PersistentLevel.ThirdPersonExampleMap'
[2020.03.05-14.24.18:535][133]LogSlate: InvalidateAllWidgets triggered.  All widgets were invalidated
[2020.03.05-14.24.18:573][133]LogAudioMixer: Display: No commands were queued while flushing the source manager.
[2020.03.05-14.24.18:581][133]LogSlate: Updating window title bar state: overlay mode, drag disabled, window buttons hidden, title bar hidden
[2020.03.05-14.24.18:588][133]LogUObjectHash: Compacting FUObjectHashTables data took   4.99ms
[2020.03.05-14.24.18:619][134]LogPlayLevel: Display: Destroying online subsystem :Context_2
[2020.03.05-14.24.19:621][191]LogEditorViewport: Clicking on Actor (LMB): Actor (Actor2)
[2020.03.05-14.24.22:791][343]LogSlate: Took 0.001013 seconds to synchronously load lazily loaded font '../../../Engine/Content/Slate/Fonts/Roboto-Light.ttf' (167K)
[2020.03.05-14.24.23:452][359]LogAssetEditorSubsystem: Opening Asset editor for LevelScriptBlueprint /Game/ThirdPersonBP/Maps/ThirdPersonExampleMap.ThirdPersonExampleMap:PersistentLevel.ThirdPersonExampleMap
[2020.03.05-14.24.23:940][359]LogContentBrowser: Native class hierarchy updated for 'BlueprintGraph' in 0.0008 seconds. Added 121 classes and 0 folders.
[2020.03.05-14.24.25:342][359]LogSlate: Took 0.000223 seconds to synchronously load lazily loaded font '../../../Engine/Content/Slate/Fonts/Roboto-BoldCondensed.ttf' (158K)
[2020.03.05-14.24.25:414][360]LogSlate: Took 0.000280 seconds to synchronously load lazily loaded font '../../../Engine/Content/Slate/Fonts/Roboto-Italic.ttf' (157K)
[2020.03.05-14.24.33:799][656]LogEditorViewport: Clicking on Actor (LMB): Actor (Actor3)
[2020.03.05-14.25.05:283][927]LogEditorViewport: Clicking on Actor (LMB): Actor (Actor2)
[2020.03.05-14.25.05:430][931]LogEditorViewport: Clicking on Component (LMB): SceneComponent (DefaultSceneRoot)
[2020.03.05-14.25.10:104][139]LogEditorViewport: Clicking on Component (LMB): SceneComponent (DefaultSceneRoot)
[2020.03.05-14.25.14:121][325]LogSlate: Window 'Select Path' being destroyed
[2020.03.05-14.25.18:595][522]LogSlate: Window 'Select Path' being destroyed
[2020.03.05-14.25.19:498][567]LogEditorViewport: Clicking on Component (LMB): SceneComponent (DefaultSceneRoot)
[2020.03.05-14.25.19:901][588]LogEditorViewport: Clicking on Component (LMB): SceneComponent (DefaultSceneRoot)
[2020.03.05-14.25.19:965][589]LogEditorViewport: Clicking on Actor (double click): Actor (Actor2)
[2020.03.05-14.25.20:305][607]LogEditorViewport: Clicking on Actor (LMB): Actor (Actor2)
[2020.03.05-14.25.20:365][608]LogEditorViewport: Clicking on Component (LMB): SceneComponent (DefaultSceneRoot)
[2020.03.05-14.25.21:106][647]LogEditorViewport: Clicking on Component (LMB): SceneComponent (DefaultSceneRoot)
[2020.03.05-14.25.31:974][116]LogSlate: Window 'ThirdPersonExampleMap' being destroyed
[2020.03.05-14.25.31:982][116]LogSlate: Window 'ThirdPersonExampleMap' being destroyed
[2020.03.05-14.25.32:006][116]LogWorld: UWorld::CleanupWorld for World_2, bSessionEnded=true, bCleanupResources=true
[2020.03.05-14.25.32:007][116]LogSlate: InvalidateAllWidgets triggered.  All widgets were invalidated
[2020.03.05-14.25.34:097][221]LogEditorViewport: Clicking on Component (context menu): SceneComponent (DefaultSceneRoot)
[2020.03.05-14.25.39:613][475]LogEditorViewport: Clicking on Component (LMB): SceneComponent (DefaultSceneRoot)
[2020.03.05-14.25.44:050][651]LogAssetEditorSubsystem: Opening Asset editor for LevelScriptBlueprint /Game/ThirdPersonBP/Maps/ThirdPersonExampleMap.ThirdPersonExampleMap:PersistentLevel.ThirdPersonExampleMap
[2020.03.05-14.25.46:370][713]LogSlate: Window 'ThirdPersonExampleMap' being destroyed
[2020.03.05-14.25.46:382][713]LogSlate: Window 'ThirdPersonExampleMap' being destroyed
[2020.03.05-14.25.46:385][713]LogWorld: UWorld::CleanupWorld for World_3, bSessionEnded=true, bCleanupResources=true
[2020.03.05-14.25.46:385][713]LogSlate: InvalidateAllWidgets triggered.  All widgets were invalidated
[2020.03.05-14.25.52:720][951]LogEditorViewport: Clicking on Actor (LMB): StaticMeshActor (Floor_400x401)
[2020.03.05-14.25.53:439][977]LogEditorViewport: Clicking on Actor (LMB): Actor (Actor2)
[2020.03.05-14.26.20:842][306]LogEditorViewport: Clicking on Actor (context menu): Actor (Actor2)
[2020.03.05-14.26.34:812][890]LogSlate: Window 'Select Path' being destroyed
[2020.03.05-14.26.34:937][890]LogUObjectHash: Compacting FUObjectHashTables data took   8.42ms
[2020.03.05-14.26.34:999][890]LogAssetEditorSubsystem: Opening Asset editor for Blueprint /Game/Actor2_Blueprint.Actor2_Blueprint
[2020.03.05-14.26.35:895][890]LogRenderer: Reallocating scene render targets to support 948x684 Format 10 NumSamples 1 (Frame:1).
[2020.03.05-14.28.38:149][131]BlueprintLog: New page: Compile Actor2_Blueprint
[2020.03.05-14.28.38:604][131]LogUObjectHash: Compacting FUObjectHashTables data took   7.85ms
[2020.03.05-14.28.40:448][192]LogSlate: Window 'Actor2_Blueprint' being destroyed
[2020.03.05-14.28.40:476][192]LogSlate: Window 'Actor2_Blueprint' being destroyed
[2020.03.05-14.28.40:488][192]LogWorld: UWorld::CleanupWorld for World_5, bSessionEnded=true, bCleanupResources=true
[2020.03.05-14.28.40:489][192]LogSlate: InvalidateAllWidgets triggered.  All widgets were invalidated
[2020.03.05-14.29.09:997][741]LogAssetEditorSubsystem: Opening Asset editor for Blueprint /Game/Actor2_Blueprint.Actor2_Blueprint
[2020.03.05-14.29.51:568][113]LogSlate: Window 'Actor2_Blueprint' being destroyed
[2020.03.05-14.29.51:609][113]LogSlate: Window 'Actor2_Blueprint' being destroyed
[2020.03.05-14.29.51:610][113]LogWorld: UWorld::CleanupWorld for World_6, bSessionEnded=true, bCleanupResources=true
[2020.03.05-14.29.51:610][113]LogSlate: InvalidateAllWidgets triggered.  All widgets were invalidated
[2020.03.05-14.30.01:220][559]LogAssetEditorSubsystem: Opening Asset editor for Blueprint /Game/Actor2_Blueprint.Actor2_Blueprint
[2020.03.05-14.30.25:961][403]LogEditorViewport: Clicking on Actor (LMB): Actor (Actor5)
[2020.03.05-14.30.29:125][572]LogEditorViewport: Clicking on Actor (LMB): Actor (Actor5)
[2020.03.05-14.30.29:725][603]LogEditorViewport: Clicking on Actor (LMB): Actor (Actor5)
[2020.03.05-14.30.32:849][758]LogEditorViewport: Clicking on Actor (LMB): Actor (Actor5)
[2020.03.05-14.30.33:631][799]LogEditorViewport: Clicking on Actor (LMB): Actor (Actor5)
[2020.03.05-14.34.25:682][499]LogEditorViewport: Clicking on Actor (LMB): Actor2_Blueprint_C (Actor2_Blueprint)
[2020.03.05-14.35.48:624][928]Cmd: DELETE
[2020.03.05-14.35.48:625][928]Cmd: ACTOR DELETE
[2020.03.05-14.35.48:631][928]LogEditorActor: Deleted Actor: Actor2_Blueprint_C
[2020.03.05-14.35.48:713][928]LogUObjectHash: Compacting FUObjectHashTables data took   6.10ms
[2020.03.05-14.35.48:717][928]LogEditorActor: Deleted 1 Actors (0.092 secs)
[2020.03.05-14.36.00:280][463]LogSlate: Window 'Pick Parent Class' being destroyed
[2020.03.05-14.36.11:031][ 92]LogAssetEditorSubsystem: Opening Asset editor for Blueprint /Game/mirror.mirror
[2020.03.05-14.36.36:943][834]LogTemp: Resetting audio stream to device id 
[2020.03.05-14.36.36:954][834]LogAudioMixer: Display: Audio Device Output Speaker Info:
[2020.03.05-14.36.36:955][834]LogAudioMixer: Display: Name: Громкоговоритель и наушники (Realtek High Definition Audio)
[2020.03.05-14.36.36:955][834]LogAudioMixer: Display: Is Default: Yes
[2020.03.05-14.36.36:955][834]LogAudioMixer: Display: Sample Rate: 48000
[2020.03.05-14.36.36:955][834]LogAudioMixer: Display: Channel Count Used: 2
[2020.03.05-14.36.36:955][834]LogAudioMixer: Display: Device Channel Count: 2
[2020.03.05-14.36.36:955][834]LogAudioMixer: Display: Channel Order:
[2020.03.05-14.36.36:955][834]LogAudioMixer: Display: 0: FrontLeft
[2020.03.05-14.36.36:955][834]LogAudioMixer: Display: 1: FrontRight
